INFO [2017-02-13 20:37:49] $x
INFO [2017-02-13 20:37:49] venn.data
INFO [2017-02-13 20:37:49] 
INFO [2017-02-13 20:37:49] $filename
INFO [2017-02-13 20:37:49] NULL
INFO [2017-02-13 20:37:49] 
INFO [2017-02-13 20:37:49] $cex
INFO [2017-02-13 20:37:49] [1] 1.8
INFO [2017-02-13 20:37:49] 
INFO [2017-02-13 20:37:49] $cat.cex
INFO [2017-02-13 20:37:49] [1] 1.8
INFO [2017-02-13 20:37:49] 
INFO [2017-02-13 20:37:49] $cat.dist
INFO [2017-02-13 20:37:49] [1] 0.04
INFO [2017-02-13 20:37:49] 
INFO [2017-02-13 20:37:49] $label.col
INFO [2017-02-13 20:37:49] [1] "white"
INFO [2017-02-13 20:37:49] 
INFO [2017-02-13 20:37:49] $fontface
INFO [2017-02-13 20:37:49] [1] 2
INFO [2017-02-13 20:37:49] 
INFO [2017-02-13 20:37:49] $fill
INFO [2017-02-13 20:37:49] 2:5
INFO [2017-02-13 20:37:49] 
INFO [2017-02-13 20:37:49] $category.names
INFO [2017-02-13 20:37:49] names(venn.data)
INFO [2017-02-13 20:37:49] 
